Arguments: 
  /usr/bin/node /usr/bin/yarn

PATH: 
  /home/anis/anaconda3/bin:/home/anis/anaconda3/condabin:/home/anis/.local/bin:/usr/local/bin:/usr/bin:/var/lib/snapd/snap/bin:/usr/local/sbin:/usr/lib/jvm/default/bin:/usr/bin/site_perl:/usr/bin/vendor_perl:/usr/bin/core_perl:/home/anis/Android/Sdk/emulator:/home/anis/Android/Sdk/tools:/home/anis/Android/Sdk/tools/bin:/home/anis/Android/Sdk/platform-tools:/home/anis/Android/Sdk/emulator:/home/anis/Android/Sdk/tools:/home/anis/Android/Sdk/tools/bin:/home/anis/Android/Sdk/platform-tools:/home/anis/Android/Sdk/emulator:/home/anis/Android/Sdk/tools:/home/anis/Android/Sdk/tools/bin:/home/anis/Android/Sdk/platform-tools

Yarn version: 
  1.22.10

Node version: 
  16.11.0

Platform: 
  linux x64

Trace: 
  SyntaxError: /run/media/anis/Data/satgeo/react_tuts/keepin-server/package.json: Unexpected token } in JSON at position 355
      at JSON.parse (<anonymous>)
      at /usr/lib/node_modules/yarn/lib/cli.js:1625:59
      at Generator.next (<anonymous>)
      at step (/usr/lib/node_modules/yarn/lib/cli.js:310:30)
      at /usr/lib/node_modules/yarn/lib/cli.js:321:13

npm manifest: 
  {
    "name": "keepin-server",
    "version": "1.0.0",
    "description": "",
    "main": "server.js",
    "scripts": {
      "test": "echo \"Error: no test specified\" && exit 1",
      "server": "nodemon server.js"
    },
    "dependencies": {
      "cors": "^2.8.5",
      "dotenv": "^10.0.0",
      "mongodb": "^4.1.3",
      "mongoose": "^6.0.12",
      "nodemon": "^2.0.14",
    },
    "author": "Anis Sarker",
    "license": "ISC"
  }

yarn manifest: 
  No manifest

Lockfile: 
  No lockfile
